[ 2015-07-27T16:21:07+08:00 ] 192.168.1.8 /User/ssoLogin.html
INFO: [ app_init ] --START--
INFO: Run Behavior\BuildLiteBehavior [ RunTime:0.000013s ]
INFO: [ app_init ] --END-- [ RunTime:0.000666s ]
INFO: [ app_begin ] --START--
INFO: Run Behavior\ReadHtmlCacheBehavior [ RunTime:0.000835s ]
INFO: [ app_begin ] --END-- [ RunTime:0.000899s ]
ERR: 模板不存在:./Application/Home/View/Public/404.html

[ 2015-07-27T16:21:43+08:00 ] 192.168.1.8 /Login/
INFO: [ app_init ] --START--
INFO: Run Behavior\BuildLiteBehavior [ RunTime:0.000027s ]
INFO: [ app_init ] --END-- [ RunTime:0.001985s ]
INFO: [ app_begin ] --START--
INFO: Run Behavior\ReadHtmlCacheBehavior [ RunTime:0.003612s ]
INFO: [ app_begin ] --END-- [ RunTime:0.003730s ]
INFO: [ view_parse ] --START--
INFO: [ template_filter ] --START--
INFO: Run Behavior\ContentReplaceBehavior [ RunTime:0.000065s ]
INFO: [ template_filter ] --END-- [ RunTime:0.000340s ]
INFO: Run Behavior\ParseTemplateBehavior [ RunTime:0.028457s ]
INFO: [ view_parse ] --END-- [ RunTime:0.029094s ]
INFO: [ view_filter ] --START--
INFO: Run Behavior\WriteHtmlCacheBehavior [ RunTime:0.002229s ]
INFO: [ view_filter ] --END-- [ RunTime:0.002427s ]
INFO: [ app_end ] --START--
INFO: Run Behavior\ShowPageTraceBehavior [ RunTime:0.002524s ]
INFO: [ app_end ] --END-- [ RunTime:0.002649s ]

[ 2015-07-27T16:21:49+08:00 ] 192.168.1.8 /Login/doLogin.html
INFO: [ app_init ] --START--
INFO: Run Behavior\BuildLiteBehavior [ RunTime:0.000014s ]
INFO: [ app_init ] --END-- [ RunTime:0.000684s ]
INFO: [ app_begin ] --START--
INFO: Run Behavior\ReadHtmlCacheBehavior [ RunTime:0.000926s ]
INFO: [ app_begin ] --END-- [ RunTime:0.000985s ]
SQL: SHOW COLUMNS FROM `sso_user` [ RunTime:0.0010s ]
SQL: SELECT * FROM `sso_user` WHERE `username` = 'jerryzhang' AND `passwd` = '48b383f8f34ac2a733558505d730e262' AND `status` = 1 AND `u_grp` = 1 LIMIT 1   [ RunTime:0.0003s ]

[ 2015-07-27T16:21:49+08:00 ] 192.168.1.8 /
INFO: [ app_init ] --START--
INFO: Run Behavior\BuildLiteBehavior [ RunTime:0.000018s ]
INFO: [ app_init ] --END-- [ RunTime:0.000797s ]
INFO: [ app_begin ] --START--
INFO: Run Behavior\ReadHtmlCacheBehavior [ RunTime:0.000772s ]
INFO: [ app_begin ] --END-- [ RunTime:0.000841s ]
SQL: SHOW COLUMNS FROM `sso_web_site` [ RunTime:0.0021s ]
SQL: SELECT COUNT(*) AS tp_count FROM `sso_web_site` LEFT JOIN sso_user on sso_web_site.user_id = sso_user.id  LIMIT 1   [ RunTime:0.0004s ]
SQL: SELECT sso_user.username,sso_web_site.* FROM `sso_web_site` LEFT JOIN sso_user on sso_web_site.user_id = sso_user.id  ORDER BY id desc LIMIT 0,10   [ RunTime:0.0005s ]
INFO: [ view_parse ] --START--
INFO: [ template_filter ] --START--
INFO: Run Behavior\ContentReplaceBehavior [ RunTime:0.000091s ]
INFO: [ template_filter ] --END-- [ RunTime:0.000264s ]
INFO: Run Behavior\ParseTemplateBehavior [ RunTime:0.017539s ]
INFO: [ view_parse ] --END-- [ RunTime:0.017640s ]
INFO: [ view_filter ] --START--
INFO: Run Behavior\WriteHtmlCacheBehavior [ RunTime:0.001979s ]
INFO: [ view_filter ] --END-- [ RunTime:0.002073s ]
INFO: [ app_end ] --START--
INFO: Run Behavior\ShowPageTraceBehavior [ RunTime:0.000819s ]
INFO: [ app_end ] --END-- [ RunTime:0.000867s ]

[ 2015-07-27T16:21:53+08:00 ] 192.168.1.8 /Login/logout
INFO: [ app_init ] --START--
INFO: Run Behavior\BuildLiteBehavior [ RunTime:0.000014s ]
INFO: [ app_init ] --END-- [ RunTime:0.000766s ]
INFO: [ app_begin ] --START--
INFO: Run Behavior\ReadHtmlCacheBehavior [ RunTime:0.000693s ]
INFO: [ app_begin ] --END-- [ RunTime:0.000719s ]

[ 2015-07-27T16:21:53+08:00 ] 192.168.1.8 /Login/index.html
INFO: [ app_init ] --START--
INFO: Run Behavior\BuildLiteBehavior [ RunTime:0.000017s ]
INFO: [ app_init ] --END-- [ RunTime:0.000661s ]
INFO: [ app_begin ] --START--
INFO: Run Behavior\ReadHtmlCacheBehavior [ RunTime:0.000546s ]
INFO: [ app_begin ] --END-- [ RunTime:0.000593s ]
INFO: [ view_parse ] --START--
INFO: [ template_filter ] --START--
INFO: Run Behavior\ContentReplaceBehavior [ RunTime:0.000029s ]
INFO: [ template_filter ] --END-- [ RunTime:0.000087s ]
INFO: Run Behavior\ParseTemplateBehavior [ RunTime:0.008061s ]
INFO: [ view_parse ] --END-- [ RunTime:0.008150s ]
INFO: [ view_filter ] --START--
INFO: Run Behavior\WriteHtmlCacheBehavior [ RunTime:0.000721s ]
INFO: [ view_filter ] --END-- [ RunTime:0.000768s ]
INFO: [ app_end ] --START--
INFO: Run Behavior\ShowPageTraceBehavior [ RunTime:0.000787s ]
INFO: [ app_end ] --END-- [ RunTime:0.000835s ]

[ 2015-07-27T16:21:57+08:00 ] 192.168.1.8 /Login/doLogin.html
INFO: [ app_init ] --START--
INFO: Run Behavior\BuildLiteBehavior [ RunTime:0.000013s ]
INFO: [ app_init ] --END-- [ RunTime:0.000744s ]
INFO: [ app_begin ] --START--
INFO: Run Behavior\ReadHtmlCacheBehavior [ RunTime:0.000949s ]
INFO: [ app_begin ] --END-- [ RunTime:0.001006s ]
SQL: SHOW COLUMNS FROM `sso_user` [ RunTime:0.0015s ]
SQL: SELECT * FROM `sso_user` WHERE `username` = 'dfsdfsdf' AND `passwd` = '20838a8df7cc0babd745c7af4b7d94e2' AND `status` = 1 AND `u_grp` = 1 LIMIT 1   [ RunTime:0.0002s ]

[ 2015-07-27T16:21:59+08:00 ] 192.168.1.8 /Login/doLogin.html
INFO: [ app_init ] --START--
INFO: Run Behavior\BuildLiteBehavior [ RunTime:0.000015s ]
INFO: [ app_init ] --END-- [ RunTime:0.000754s ]
INFO: [ app_begin ] --START--
INFO: Run Behavior\ReadHtmlCacheBehavior [ RunTime:0.000796s ]
INFO: [ app_begin ] --END-- [ RunTime:0.000857s ]
SQL: SHOW COLUMNS FROM `sso_user` [ RunTime:0.0009s ]
SQL: SELECT * FROM `sso_user` WHERE `username` = 'dfsdfsdf' AND `passwd` = '20838a8df7cc0babd745c7af4b7d94e2' AND `status` = 1 AND `u_grp` = 1 LIMIT 1   [ RunTime:0.0002s ]

[ 2015-07-27T16:22:01+08:00 ] 192.168.1.8 /Login/doLogin.html
INFO: [ app_init ] --START--
INFO: Run Behavior\BuildLiteBehavior [ RunTime:0.000014s ]
INFO: [ app_init ] --END-- [ RunTime:0.000901s ]
INFO: [ app_begin ] --START--
INFO: Run Behavior\ReadHtmlCacheBehavior [ RunTime:0.000912s ]
INFO: [ app_begin ] --END-- [ RunTime:0.000970s ]
SQL: SHOW COLUMNS FROM `sso_user` [ RunTime:0.0010s ]
SQL: SELECT * FROM `sso_user` WHERE `username` = 'dfsdfsdf' AND `passwd` = '20838a8df7cc0babd745c7af4b7d94e2' AND `status` = 1 AND `u_grp` = 1 LIMIT 1   [ RunTime:0.0002s ]

[ 2015-07-27T16:22:04+08:00 ] 192.168.1.8 /Login/index.html
INFO: [ app_init ] --START--
INFO: Run Behavior\BuildLiteBehavior [ RunTime:0.000024s ]
INFO: [ app_init ] --END-- [ RunTime:0.002474s ]
INFO: [ app_begin ] --START--
INFO: Run Behavior\ReadHtmlCacheBehavior [ RunTime:0.001634s ]
INFO: [ app_begin ] --END-- [ RunTime:0.001741s ]
INFO: [ view_parse ] --START--
INFO: [ template_filter ] --START--
INFO: Run Behavior\ContentReplaceBehavior [ RunTime:0.000030s ]
INFO: [ template_filter ] --END-- [ RunTime:0.000085s ]
INFO: Run Behavior\ParseTemplateBehavior [ RunTime:0.019745s ]
INFO: [ view_parse ] --END-- [ RunTime:0.019837s ]
INFO: [ view_filter ] --START--
INFO: Run Behavior\WriteHtmlCacheBehavior [ RunTime:0.000642s ]
INFO: [ view_filter ] --END-- [ RunTime:0.000693s ]
INFO: [ app_end ] --START--
INFO: Run Behavior\ShowPageTraceBehavior [ RunTime:0.001009s ]
INFO: [ app_end ] --END-- [ RunTime:0.001083s ]

[ 2015-07-27T16:22:04+08:00 ] 192.168.1.8 /Login/index.html
INFO: [ app_init ] --START--
INFO: Run Behavior\BuildLiteBehavior [ RunTime:0.000027s ]
INFO: [ app_init ] --END-- [ RunTime:0.002803s ]
INFO: [ app_begin ] --START--
INFO: Run Behavior\ReadHtmlCacheBehavior [ RunTime:0.002217s ]
INFO: [ app_begin ] --END-- [ RunTime:0.002342s ]
INFO: [ view_parse ] --START--
INFO: [ template_filter ] --START--
INFO: Run Behavior\ContentReplaceBehavior [ RunTime:0.000081s ]
INFO: [ template_filter ] --END-- [ RunTime:0.000255s ]
INFO: Run Behavior\ParseTemplateBehavior [ RunTime:0.020800s ]
INFO: [ view_parse ] --END-- [ RunTime:0.021054s ]
INFO: [ view_filter ] --START--
INFO: Run Behavior\WriteHtmlCacheBehavior [ RunTime:0.001679s ]
INFO: [ view_filter ] --END-- [ RunTime:0.001781s ]
INFO: [ app_end ] --START--
INFO: Run Behavior\ShowPageTraceBehavior [ RunTime:0.001105s ]
INFO: [ app_end ] --END-- [ RunTime:0.001198s ]

[ 2015-07-27T16:22:23+08:00 ] 192.168.1.8 /Login/sso
INFO: [ app_init ] --START--
INFO: Run Behavior\BuildLiteBehavior [ RunTime:0.000018s ]
INFO: [ app_init ] --END-- [ RunTime:0.000804s ]
INFO: [ app_begin ] --START--
INFO: Run Behavior\ReadHtmlCacheBehavior [ RunTime:0.001907s ]
INFO: [ app_begin ] --END-- [ RunTime:0.002016s ]
INFO: [ view_parse ] --START--
INFO: [ template_filter ] --START--
INFO: Run Behavior\ContentReplaceBehavior [ RunTime:0.000000s ]
INFO: [ template_filter ] --END-- [ RunTime:0.000000s ]
INFO: Run Behavior\ParseTemplateBehavior [ RunTime:0.008556s ]
INFO: [ view_parse ] --END-- [ RunTime:0.008640s ]
INFO: [ view_filter ] --START--
INFO: Run Behavior\WriteHtmlCacheBehavior [ RunTime:0.001220s ]
INFO: [ view_filter ] --END-- [ RunTime:0.001393s ]
INFO: [ app_end ] --START--
INFO: Run Behavior\ShowPageTraceBehavior [ RunTime:0.003833s ]
INFO: [ app_end ] --END-- [ RunTime:0.003940s ]

[ 2015-07-27T16:22:31+08:00 ] 192.168.1.8 /Login/sso
INFO: [ app_init ] --START--
INFO: Run Behavior\BuildLiteBehavior [ RunTime:0.000013s ]
INFO: [ app_init ] --END-- [ RunTime:0.000621s ]
INFO: [ app_begin ] --START--
INFO: Run Behavior\ReadHtmlCacheBehavior [ RunTime:0.000621s ]
INFO: [ app_begin ] --END-- [ RunTime:0.000668s ]
INFO: [ view_parse ] --START--
INFO: [ template_filter ] --START--
INFO: Run Behavior\ContentReplaceBehavior [ RunTime:0.000028s ]
INFO: [ template_filter ] --END-- [ RunTime:0.000080s ]
INFO: Run Behavior\ParseTemplateBehavior [ RunTime:0.011856s ]
INFO: [ view_parse ] --END-- [ RunTime:0.012006s ]
INFO: [ view_filter ] --START--
INFO: Run Behavior\WriteHtmlCacheBehavior [ RunTime:0.000523s ]
INFO: [ view_filter ] --END-- [ RunTime:0.000561s ]
INFO: [ app_end ] --START--
INFO: Run Behavior\ShowPageTraceBehavior [ RunTime:0.000763s ]
INFO: [ app_end ] --END-- [ RunTime:0.000830s ]

[ 2015-07-27T16:22:33+08:00 ] 192.168.1.8 /Login/sso
INFO: [ app_init ] --START--
INFO: Run Behavior\BuildLiteBehavior [ RunTime:0.000028s ]
INFO: [ app_init ] --END-- [ RunTime:0.001461s ]
INFO: [ app_begin ] --START--
INFO: Run Behavior\ReadHtmlCacheBehavior [ RunTime:0.000684s ]
INFO: [ app_begin ] --END-- [ RunTime:0.000792s ]
INFO: [ view_parse ] --START--
INFO: [ template_filter ] --START--
INFO: Run Behavior\ContentReplaceBehavior [ RunTime:0.000029s ]
INFO: [ template_filter ] --END-- [ RunTime:0.000086s ]
INFO: Run Behavior\ParseTemplateBehavior [ RunTime:0.019870s ]
INFO: [ view_parse ] --END-- [ RunTime:0.019990s ]
INFO: [ view_filter ] --START--
INFO: Run Behavior\WriteHtmlCacheBehavior [ RunTime:0.003033s ]
INFO: [ view_filter ] --END-- [ RunTime:0.003118s ]
INFO: [ app_end ] --START--
INFO: Run Behavior\ShowPageTraceBehavior [ RunTime:0.002395s ]
INFO: [ app_end ] --END-- [ RunTime:0.002546s ]

[ 2015-07-27T16:23:17+08:00 ] 192.168.1.8 /User/ssoLogin.html
INFO: [ app_init ] --START--
INFO: Run Behavior\BuildLiteBehavior [ RunTime:0.000016s ]
INFO: [ app_init ] --END-- [ RunTime:0.000666s ]
INFO: [ app_begin ] --START--
INFO: Run Behavior\ReadHtmlCacheBehavior [ RunTime:0.000858s ]
INFO: [ app_begin ] --END-- [ RunTime:0.000927s ]
ERR: 模板不存在:./Application/Home/View/Public/404.html

[ 2015-07-27T16:23:57+08:00 ] 192.168.1.8 /Login/sso
INFO: [ app_init ] --START--
INFO: Run Behavior\BuildLiteBehavior [ RunTime:0.000027s ]
INFO: [ app_init ] --END-- [ RunTime:0.001668s ]
INFO: [ app_begin ] --START--
INFO: Run Behavior\ReadHtmlCacheBehavior [ RunTime:0.003485s ]
INFO: [ app_begin ] --END-- [ RunTime:0.003614s ]
INFO: [ view_parse ] --START--
INFO: [ template_filter ] --START--
INFO: Run Behavior\ContentReplaceBehavior [ RunTime:0.000063s ]
INFO: [ template_filter ] --END-- [ RunTime:0.000233s ]
INFO: Run Behavior\ParseTemplateBehavior [ RunTime:0.017285s ]
INFO: [ view_parse ] --END-- [ RunTime:0.017354s ]
INFO: [ view_filter ] --START--
INFO: Run Behavior\WriteHtmlCacheBehavior [ RunTime:0.000572s ]
INFO: [ view_filter ] --END-- [ RunTime:0.000613s ]
INFO: [ app_end ] --START--
INFO: Run Behavior\ShowPageTraceBehavior [ RunTime:0.001606s ]
INFO: [ app_end ] --END-- [ RunTime:0.001678s ]

[ 2015-07-27T16:23:58+08:00 ] 192.168.1.8 /Login/sso
INFO: [ app_init ] --START--
INFO: Run Behavior\BuildLiteBehavior [ RunTime:0.000014s ]
INFO: [ app_init ] --END-- [ RunTime:0.000512s ]
INFO: [ app_begin ] --START--
INFO: Run Behavior\ReadHtmlCacheBehavior [ RunTime:0.000566s ]
INFO: [ app_begin ] --END-- [ RunTime:0.000627s ]
INFO: [ view_parse ] --START--
INFO: [ template_filter ] --START--
INFO: Run Behavior\ContentReplaceBehavior [ RunTime:0.000028s ]
INFO: [ template_filter ] --END-- [ RunTime:0.000082s ]
INFO: Run Behavior\ParseTemplateBehavior [ RunTime:0.024311s ]
INFO: [ view_parse ] --END-- [ RunTime:0.024411s ]
INFO: [ view_filter ] --START--
INFO: Run Behavior\WriteHtmlCacheBehavior [ RunTime:0.001224s ]
INFO: [ view_filter ] --END-- [ RunTime:0.001290s ]
INFO: [ app_end ] --START--
INFO: Run Behavior\ShowPageTraceBehavior [ RunTime:0.000717s ]
INFO: [ app_end ] --END-- [ RunTime:0.000779s ]

[ 2015-07-27T16:23:58+08:00 ] 192.168.1.8 /Login/sso
INFO: [ app_init ] --START--
INFO: Run Behavior\BuildLiteBehavior [ RunTime:0.000023s ]
INFO: [ app_init ] --END-- [ RunTime:0.001483s ]
INFO: [ app_begin ] --START--
INFO: Run Behavior\ReadHtmlCacheBehavior [ RunTime:0.004829s ]
INFO: [ app_begin ] --END-- [ RunTime:0.005149s ]
INFO: [ view_parse ] --START--
INFO: [ template_filter ] --START--
INFO: Run Behavior\ContentReplaceBehavior [ RunTime:0.000158s ]
INFO: [ template_filter ] --END-- [ RunTime:0.000519s ]
INFO: Run Behavior\ParseTemplateBehavior [ RunTime:0.024084s ]
INFO: [ view_parse ] --END-- [ RunTime:0.024184s ]
INFO: [ view_filter ] --START--
INFO: Run Behavior\WriteHtmlCacheBehavior [ RunTime:0.006278s ]
INFO: [ view_filter ] --END-- [ RunTime:0.006418s ]
INFO: [ app_end ] --START--
INFO: Run Behavior\ShowPageTraceBehavior [ RunTime:0.001735s ]
INFO: [ app_end ] --END-- [ RunTime:0.001835s ]

[ 2015-07-27T16:23:58+08:00 ] 192.168.1.8 /Login/sso
INFO: [ app_init ] --START--
INFO: Run Behavior\BuildLiteBehavior [ RunTime:0.000020s ]
INFO: [ app_init ] --END-- [ RunTime:0.000775s ]
INFO: [ app_begin ] --START--
INFO: Run Behavior\ReadHtmlCacheBehavior [ RunTime:0.000633s ]
INFO: [ app_begin ] --END-- [ RunTime:0.000792s ]
INFO: [ view_parse ] --START--
INFO: [ template_filter ] --START--
INFO: Run Behavior\ContentReplaceBehavior [ RunTime:0.000088s ]
INFO: [ template_filter ] --END-- [ RunTime:0.000271s ]
INFO: Run Behavior\ParseTemplateBehavior [ RunTime:0.025545s ]
INFO: [ view_parse ] --END-- [ RunTime:0.025870s ]
INFO: [ view_filter ] --START--
INFO: Run Behavior\WriteHtmlCacheBehavior [ RunTime:0.001125s ]
INFO: [ view_filter ] --END-- [ RunTime:0.001220s ]
INFO: [ app_end ] --START--
INFO: Run Behavior\ShowPageTraceBehavior [ RunTime:0.001710s ]
INFO: [ app_end ] --END-- [ RunTime:0.001798s ]

[ 2015-07-27T16:24:05+08:00 ] 192.168.1.8 /User/s.html
INFO: [ app_init ] --START--
INFO: Run Behavior\BuildLiteBehavior [ RunTime:0.000025s ]
INFO: [ app_init ] --END-- [ RunTime:0.001335s ]
INFO: [ app_begin ] --START--
INFO: Run Behavior\ReadHtmlCacheBehavior [ RunTime:0.001145s ]
INFO: [ app_begin ] --END-- [ RunTime:0.001229s ]
ERR: 模板不存在:./Application/Home/View/Public/404.html

[ 2015-07-27T16:25:20+08:00 ] 192.168.1.8 /Login/sso
INFO: [ app_init ] --START--
INFO: Run Behavior\BuildLiteBehavior [ RunTime:0.000023s ]
INFO: [ app_init ] --END-- [ RunTime:0.001366s ]
INFO: [ app_begin ] --START--
INFO: Run Behavior\ReadHtmlCacheBehavior [ RunTime:0.005200s ]
INFO: [ app_begin ] --END-- [ RunTime:0.005402s ]
INFO: [ view_parse ] --START--
INFO: [ template_filter ] --START--
INFO: Run Behavior\ContentReplaceBehavior [ RunTime:0.000029s ]
INFO: [ template_filter ] --END-- [ RunTime:0.000087s ]
INFO: Run Behavior\ParseTemplateBehavior [ RunTime:0.040708s ]
INFO: [ view_parse ] --END-- [ RunTime:0.040813s ]
INFO: [ view_filter ] --START--
INFO: Run Behavior\WriteHtmlCacheBehavior [ RunTime:0.002137s ]
INFO: [ view_filter ] --END-- [ RunTime:0.002227s ]
INFO: [ app_end ] --START--
INFO: Run Behavior\ShowPageTraceBehavior [ RunTime:0.006951s ]
INFO: [ app_end ] --END-- [ RunTime:0.007098s ]

[ 2015-07-27T16:25:28+08:00 ] 192.168.1.8 /User/ssoLogin.html
INFO: [ app_init ] --START--
INFO: Run Behavior\BuildLiteBehavior [ RunTime:0.000014s ]
INFO: [ app_init ] --END-- [ RunTime:0.000549s ]
INFO: [ app_begin ] --START--
INFO: Run Behavior\ReadHtmlCacheBehavior [ RunTime:0.001067s ]
INFO: [ app_begin ] --END-- [ RunTime:0.001149s ]
ERR: 模板不存在:./Application/Home/View/Public/404.html

[ 2015-07-27T16:25:32+08:00 ] 192.168.1.8 /User/ssoLogin.html
INFO: [ app_init ] --START--
INFO: Run Behavior\BuildLiteBehavior [ RunTime:0.000013s ]
INFO: [ app_init ] --END-- [ RunTime:0.000790s ]
INFO: [ app_begin ] --START--
INFO: Run Behavior\ReadHtmlCacheBehavior [ RunTime:0.000683s ]
INFO: [ app_begin ] --END-- [ RunTime:0.000727s ]
ERR: 模板不存在:./Application/Home/View/Public/404.html

[ 2015-07-27T16:25:33+08:00 ] 192.168.1.8 /User/ssoLogin.html
INFO: [ app_init ] --START--
INFO: Run Behavior\BuildLiteBehavior [ RunTime:0.000014s ]
INFO: [ app_init ] --END-- [ RunTime:0.000695s ]
INFO: [ app_begin ] --START--
INFO: Run Behavior\ReadHtmlCacheBehavior [ RunTime:0.000713s ]
INFO: [ app_begin ] --END-- [ RunTime:0.000759s ]
ERR: 模板不存在:./Application/Home/View/Public/404.html

[ 2015-07-27T16:25:34+08:00 ] 192.168.1.8 /User/ssoLogin.html
INFO: [ app_init ] --START--
INFO: Run Behavior\BuildLiteBehavior [ RunTime:0.000013s ]
INFO: [ app_init ] --END-- [ RunTime:0.000649s ]
INFO: [ app_begin ] --START--
INFO: Run Behavior\ReadHtmlCacheBehavior [ RunTime:0.000838s ]
INFO: [ app_begin ] --END-- [ RunTime:0.000895s ]
ERR: 模板不存在:./Application/Home/View/Public/404.html

[ 2015-07-27T16:26:06+08:00 ] 192.168.1.8 /Login/sso
INFO: [ app_init ] --START--
INFO: Run Behavior\BuildLiteBehavior [ RunTime:0.000025s ]
INFO: [ app_init ] --END-- [ RunTime:0.001283s ]
INFO: [ app_begin ] --START--
INFO: Run Behavior\ReadHtmlCacheBehavior [ RunTime:0.000854s ]
INFO: [ app_begin ] --END-- [ RunTime:0.000943s ]
INFO: [ view_parse ] --START--
INFO: [ template_filter ] --START--
INFO: Run Behavior\ContentReplaceBehavior [ RunTime:0.000028s ]
INFO: [ template_filter ] --END-- [ RunTime:0.000062s ]
INFO: Run Behavior\ParseTemplateBehavior [ RunTime:0.012574s ]
INFO: [ view_parse ] --END-- [ RunTime:0.012667s ]
INFO: [ view_filter ] --START--
INFO: Run Behavior\WriteHtmlCacheBehavior [ RunTime:0.000640s ]
INFO: [ view_filter ] --END-- [ RunTime:0.000684s ]
INFO: [ app_end ] --START--
INFO: Run Behavior\ShowPageTraceBehavior [ RunTime:0.001375s ]
INFO: [ app_end ] --END-- [ RunTime:0.001417s ]

[ 2015-07-27T16:26:08+08:00 ] 192.168.1.8 /Login/sso
INFO: [ app_init ] --START--
INFO: Run Behavior\BuildLiteBehavior [ RunTime:0.000020s ]
INFO: [ app_init ] --END-- [ RunTime:0.001297s ]
INFO: [ app_begin ] --START--
INFO: Run Behavior\ReadHtmlCacheBehavior [ RunTime:0.000929s ]
INFO: [ app_begin ] --END-- [ RunTime:0.001012s ]
INFO: [ view_parse ] --START--
INFO: [ template_filter ] --START--
INFO: Run Behavior\ContentReplaceBehavior [ RunTime:0.000069s ]
INFO: [ template_filter ] --END-- [ RunTime:0.000206s ]
INFO: Run Behavior\ParseTemplateBehavior [ RunTime:0.028913s ]
INFO: [ view_parse ] --END-- [ RunTime:0.029031s ]
INFO: [ view_filter ] --START--
INFO: Run Behavior\WriteHtmlCacheBehavior [ RunTime:0.002986s ]
INFO: [ view_filter ] --END-- [ RunTime:0.003103s ]
INFO: [ app_end ] --START--
INFO: Run Behavior\ShowPageTraceBehavior [ RunTime:0.002997s ]
INFO: [ app_end ] --END-- [ RunTime:0.003130s ]

[ 2015-07-27T16:26:12+08:00 ] 192.168.1.8 /User/ssoLogin.html
INFO: [ app_init ] --START--
INFO: Run Behavior\BuildLiteBehavior [ RunTime:0.000013s ]
INFO: [ app_init ] --END-- [ RunTime:0.000666s ]
INFO: [ app_begin ] --START--
INFO: Run Behavior\ReadHtmlCacheBehavior [ RunTime:0.000713s ]
INFO: [ app_begin ] --END-- [ RunTime:0.000763s ]
ERR: 模板不存在:./Application/Home/View/Public/404.html

[ 2015-07-27T16:26:13+08:00 ] 192.168.1.8 /User/ssoLogin.html
INFO: [ app_init ] --START--
INFO: Run Behavior\BuildLiteBehavior [ RunTime:0.000013s ]
INFO: [ app_init ] --END-- [ RunTime:0.000599s ]
INFO: [ app_begin ] --START--
INFO: Run Behavior\ReadHtmlCacheBehavior [ RunTime:0.000820s ]
INFO: [ app_begin ] --END-- [ RunTime:0.000895s ]
ERR: 模板不存在:./Application/Home/View/Public/404.html

[ 2015-07-27T16:27:32+08:00 ] 192.168.1.8 /Login/sso
INFO: [ app_init ] --START--
INFO: Run Behavior\BuildLiteBehavior [ RunTime:0.000018s ]
INFO: [ app_init ] --END-- [ RunTime:0.002460s ]
INFO: [ app_begin ] --START--
INFO: Run Behavior\ReadHtmlCacheBehavior [ RunTime:0.000764s ]
INFO: [ app_begin ] --END-- [ RunTime:0.000813s ]
INFO: [ view_parse ] --START--
INFO: [ template_filter ] --START--
INFO: Run Behavior\ContentReplaceBehavior [ RunTime:0.000028s ]
INFO: [ template_filter ] --END-- [ RunTime:0.000082s ]
INFO: Run Behavior\ParseTemplateBehavior [ RunTime:0.017502s ]
INFO: [ view_parse ] --END-- [ RunTime:0.017554s ]
INFO: [ view_filter ] --START--
INFO: Run Behavior\WriteHtmlCacheBehavior [ RunTime:0.000491s ]
INFO: [ view_filter ] --END-- [ RunTime:0.000548s ]
INFO: [ app_end ] --START--
INFO: Run Behavior\ShowPageTraceBehavior [ RunTime:0.001031s ]
INFO: [ app_end ] --END-- [ RunTime:0.001131s ]

[ 2015-07-27T16:28:22+08:00 ] 192.168.1.8 /Login/sso
INFO: [ app_init ] --START--
INFO: Run Behavior\BuildLiteBehavior [ RunTime:0.000015s ]
INFO: [ app_init ] --END-- [ RunTime:0.000799s ]
INFO: [ app_begin ] --START--
INFO: Run Behavior\ReadHtmlCacheBehavior [ RunTime:0.002109s ]
INFO: [ app_begin ] --END-- [ RunTime:0.002234s ]
INFO: [ view_parse ] --START--
INFO: [ template_filter ] --START--
INFO: Run Behavior\ContentReplaceBehavior [ RunTime:0.000028s ]
INFO: [ template_filter ] --END-- [ RunTime:0.000083s ]
INFO: Run Behavior\ParseTemplateBehavior [ RunTime:0.014813s ]
INFO: [ view_parse ] --END-- [ RunTime:0.014926s ]
INFO: [ view_filter ] --START--
INFO: Run Behavior\WriteHtmlCacheBehavior [ RunTime:0.001757s ]
INFO: [ view_filter ] --END-- [ RunTime:0.001832s ]
INFO: [ app_end ] --START--
INFO: Run Behavior\ShowPageTraceBehavior [ RunTime:0.000909s ]
INFO: [ app_end ] --END-- [ RunTime:0.002733s ]

[ 2015-07-27T16:28:22+08:00 ] 192.168.1.8 /Login/sso
INFO: [ app_init ] --START--
INFO: Run Behavior\BuildLiteBehavior [ RunTime:0.000013s ]
INFO: [ app_init ] --END-- [ RunTime:0.001304s ]
INFO: [ app_begin ] --START--
INFO: Run Behavior\ReadHtmlCacheBehavior [ RunTime:0.000510s ]
INFO: [ app_begin ] --END-- [ RunTime:0.000555s ]
INFO: [ view_parse ] --START--
INFO: [ template_filter ] --START--
INFO: Run Behavior\ContentReplaceBehavior [ RunTime:0.000009s ]
INFO: [ template_filter ] --END-- [ RunTime:0.000078s ]
INFO: Run Behavior\ParseTemplateBehavior [ RunTime:0.014397s ]
INFO: [ view_parse ] --END-- [ RunTime:0.014453s ]
INFO: [ view_filter ] --START--
INFO: Run Behavior\WriteHtmlCacheBehavior [ RunTime:0.000638s ]
INFO: [ view_filter ] --END-- [ RunTime:0.000676s ]
INFO: [ app_end ] --START--
INFO: Run Behavior\ShowPageTraceBehavior [ RunTime:0.002018s ]
INFO: [ app_end ] --END-- [ RunTime:0.002099s ]

[ 2015-07-27T16:28:23+08:00 ] 192.168.1.8 /Login/sso
INFO: [ app_init ] --START--
INFO: Run Behavior\BuildLiteBehavior [ RunTime:0.000025s ]
INFO: [ app_init ] --END-- [ RunTime:0.001557s ]
INFO: [ app_begin ] --START--
INFO: Run Behavior\ReadHtmlCacheBehavior [ RunTime:0.002503s ]
INFO: [ app_begin ] --END-- [ RunTime:0.002611s ]
INFO: [ view_parse ] --START--
INFO: [ template_filter ] --START--
INFO: Run Behavior\ContentReplaceBehavior [ RunTime:0.000073s ]
INFO: [ template_filter ] --END-- [ RunTime:0.000234s ]
INFO: Run Behavior\ParseTemplateBehavior [ RunTime:0.012580s ]
INFO: [ view_parse ] --END-- [ RunTime:0.012729s ]
INFO: [ view_filter ] --START--
INFO: Run Behavior\WriteHtmlCacheBehavior [ RunTime:0.001274s ]
INFO: [ view_filter ] --END-- [ RunTime:0.001415s ]
INFO: [ app_end ] --START--
INFO: Run Behavior\ShowPageTraceBehavior [ RunTime:0.001016s ]
INFO: [ app_end ] --END-- [ RunTime:0.001075s ]

[ 2015-07-27T16:28:27+08:00 ] 192.168.1.8 /Login/doLogin.html
INFO: [ app_init ] --START--
INFO: Run Behavior\BuildLiteBehavior [ RunTime:0.000013s ]
INFO: [ app_init ] --END-- [ RunTime:0.000706s ]
INFO: [ app_begin ] --START--
INFO: Run Behavior\ReadHtmlCacheBehavior [ RunTime:0.000829s ]
INFO: [ app_begin ] --END-- [ RunTime:0.000997s ]
SQL: SHOW COLUMNS FROM `sso_user` [ RunTime:0.0010s ]
SQL: SELECT * FROM `sso_user` WHERE `username` = 'jerryzhang' AND `passwd` = '48b383f8f34ac2a733558505d730e262' AND `status` = 1 AND `u_grp` = 1 LIMIT 1   [ RunTime:0.0001s ]

[ 2015-07-27T16:28:27+08:00 ] 192.168.1.8 /
INFO: [ app_init ] --START--
INFO: Run Behavior\BuildLiteBehavior [ RunTime:0.000016s ]
INFO: [ app_init ] --END-- [ RunTime:0.001127s ]
INFO: [ app_begin ] --START--
INFO: Run Behavior\ReadHtmlCacheBehavior [ RunTime:0.000617s ]
INFO: [ app_begin ] --END-- [ RunTime:0.000667s ]
SQL: SHOW COLUMNS FROM `sso_web_site` [ RunTime:0.0062s ]
SQL: SELECT COUNT(*) AS tp_count FROM `sso_web_site` LEFT JOIN sso_user on sso_web_site.user_id = sso_user.id  LIMIT 1   [ RunTime:0.0003s ]
SQL: SELECT sso_user.username,sso_web_site.* FROM `sso_web_site` LEFT JOIN sso_user on sso_web_site.user_id = sso_user.id  ORDER BY id desc LIMIT 0,10   [ RunTime:0.0005s ]
INFO: [ view_parse ] --START--
INFO: [ template_filter ] --START--
INFO: Run Behavior\ContentReplaceBehavior [ RunTime:0.000092s ]
INFO: [ template_filter ] --END-- [ RunTime:0.000360s ]
INFO: Run Behavior\ParseTemplateBehavior [ RunTime:0.016479s ]
INFO: [ view_parse ] --END-- [ RunTime:0.016550s ]
INFO: [ view_filter ] --START--
INFO: Run Behavior\WriteHtmlCacheBehavior [ RunTime:0.000277s ]
INFO: [ view_filter ] --END-- [ RunTime:0.000320s ]
INFO: [ app_end ] --START--
INFO: Run Behavior\ShowPageTraceBehavior [ RunTime:0.000806s ]
INFO: [ app_end ] --END-- [ RunTime:0.000849s ]

[ 2015-07-27T16:29:13+08:00 ] 192.168.1.8 /Login/logout
INFO: [ app_init ] --START--
INFO: Run Behavior\BuildLiteBehavior [ RunTime:0.000012s ]
INFO: [ app_init ] --END-- [ RunTime:0.000612s ]
INFO: [ app_begin ] --START--
INFO: Run Behavior\ReadHtmlCacheBehavior [ RunTime:0.000769s ]
INFO: [ app_begin ] --END-- [ RunTime:0.000816s ]

[ 2015-07-27T16:29:13+08:00 ] 192.168.1.8 /Login/index.html
INFO: [ app_init ] --START--
INFO: Run Behavior\BuildLiteBehavior [ RunTime:0.000021s ]
INFO: [ app_init ] --END-- [ RunTime:0.000598s ]
INFO: [ app_begin ] --START--
INFO: Run Behavior\ReadHtmlCacheBehavior [ RunTime:0.000652s ]
INFO: [ app_begin ] --END-- [ RunTime:0.000704s ]
INFO: [ view_parse ] --START--
INFO: [ template_filter ] --START--
INFO: Run Behavior\ContentReplaceBehavior [ RunTime:0.000030s ]
INFO: [ template_filter ] --END-- [ RunTime:0.000087s ]
INFO: Run Behavior\ParseTemplateBehavior [ RunTime:0.008013s ]
INFO: [ view_parse ] --END-- [ RunTime:0.008073s ]
INFO: [ view_filter ] --START--
INFO: Run Behavior\WriteHtmlCacheBehavior [ RunTime:0.000867s ]
INFO: [ view_filter ] --END-- [ RunTime:0.000926s ]
INFO: [ app_end ] --START--
INFO: Run Behavior\ShowPageTraceBehavior [ RunTime:0.001124s ]
INFO: [ app_end ] --END-- [ RunTime:0.001183s ]

[ 2015-07-27T16:29:13+08:00 ] 192.168.1.8 /Login/index.html
INFO: [ app_init ] --START--
INFO: Run Behavior\BuildLiteBehavior [ RunTime:0.000038s ]
INFO: [ app_init ] --END-- [ RunTime:0.001611s ]
INFO: [ app_begin ] --START--
INFO: Run Behavior\ReadHtmlCacheBehavior [ RunTime:0.000746s ]
INFO: [ app_begin ] --END-- [ RunTime:0.000823s ]
INFO: [ view_parse ] --START--
INFO: [ template_filter ] --START--
INFO: Run Behavior\ContentReplaceBehavior [ RunTime:0.000074s ]
INFO: [ template_filter ] --END-- [ RunTime:0.000276s ]
INFO: Run Behavior\ParseTemplateBehavior [ RunTime:0.013605s ]
INFO: [ view_parse ] --END-- [ RunTime:0.013665s ]
INFO: [ view_filter ] --START--
INFO: Run Behavior\WriteHtmlCacheBehavior [ RunTime:0.000542s ]
INFO: [ view_filter ] --END-- [ RunTime:0.000608s ]
INFO: [ app_end ] --START--
INFO: Run Behavior\ShowPageTraceBehavior [ RunTime:0.000665s ]
INFO: [ app_end ] --END-- [ RunTime:0.000706s ]

[ 2015-07-27T16:29:18+08:00 ] 192.168.1.8 /Login/sso
INFO: [ app_init ] --START--
INFO: Run Behavior\BuildLiteBehavior [ RunTime:0.000015s ]
INFO: [ app_init ] --END-- [ RunTime:0.000722s ]
INFO: [ app_begin ] --START--
INFO: Run Behavior\ReadHtmlCacheBehavior [ RunTime:0.000782s ]
INFO: [ app_begin ] --END-- [ RunTime:0.000840s ]
INFO: [ view_parse ] --START--
INFO: [ template_filter ] --START--
INFO: Run Behavior\ContentReplaceBehavior [ RunTime:0.000031s ]
INFO: [ template_filter ] --END-- [ RunTime:0.000115s ]
INFO: Run Behavior\ParseTemplateBehavior [ RunTime:0.011956s ]
INFO: [ view_parse ] --END-- [ RunTime:0.012048s ]
INFO: [ view_filter ] --START--
INFO: Run Behavior\WriteHtmlCacheBehavior [ RunTime:0.000496s ]
INFO: [ view_filter ] --END-- [ RunTime:0.000534s ]
INFO: [ app_end ] --START--
INFO: Run Behavior\ShowPageTraceBehavior [ RunTime:0.001238s ]
INFO: [ app_end ] --END-- [ RunTime:0.001312s ]

[ 2015-07-27T16:29:19+08:00 ] 192.168.1.8 /Login/sso
INFO: [ app_init ] --START--
INFO: Run Behavior\BuildLiteBehavior [ RunTime:0.000025s ]
INFO: [ app_init ] --END-- [ RunTime:0.001058s ]
INFO: [ app_begin ] --START--
INFO: Run Behavior\ReadHtmlCacheBehavior [ RunTime:0.000959s ]
INFO: [ app_begin ] --END-- [ RunTime:0.001034s ]
INFO: [ view_parse ] --START--
INFO: [ template_filter ] --START--
INFO: Run Behavior\ContentReplaceBehavior [ RunTime:0.000000s ]
INFO: [ template_filter ] --END-- [ RunTime:0.000000s ]
INFO: Run Behavior\ParseTemplateBehavior [ RunTime:0.017812s ]
INFO: [ view_parse ] --END-- [ RunTime:0.017919s ]
INFO: [ view_filter ] --START--
INFO: Run Behavior\WriteHtmlCacheBehavior [ RunTime:0.001198s ]
INFO: [ view_filter ] --END-- [ RunTime:0.001279s ]
INFO: [ app_end ] --START--
INFO: Run Behavior\ShowPageTraceBehavior [ RunTime:0.001816s ]
INFO: [ app_end ] --END-- [ RunTime:0.002140s ]

[ 2015-07-27T16:29:27+08:00 ] 192.168.1.8 /User/ssoLogin.html
INFO: [ app_init ] --START--
INFO: Run Behavior\BuildLiteBehavior [ RunTime:0.000021s ]
INFO: [ app_init ] --END-- [ RunTime:0.001365s ]
INFO: [ app_begin ] --START--
INFO: Run Behavior\ReadHtmlCacheBehavior [ RunTime:0.001425s ]
INFO: [ app_begin ] --END-- [ RunTime:0.001515s ]
ERR: 模板不存在:./Application/Home/View/Public/404.html

[ 2015-07-27T16:29:30+08:00 ] 192.168.1.8 /User/ssoLogin.html
INFO: [ app_init ] --START--
INFO: Run Behavior\BuildLiteBehavior [ RunTime:0.000013s ]
INFO: [ app_init ] --END-- [ RunTime:0.000678s ]
INFO: [ app_begin ] --START--
INFO: Run Behavior\ReadHtmlCacheBehavior [ RunTime:0.000555s ]
INFO: [ app_begin ] --END-- [ RunTime:0.000600s ]
ERR: 模板不存在:./Application/Home/View/Public/404.html

[ 2015-07-27T16:29:32+08:00 ] 192.168.1.8 /Login/sso
INFO: [ app_init ] --START--
INFO: Run Behavior\BuildLiteBehavior [ RunTime:0.000030s ]
INFO: [ app_init ] --END-- [ RunTime:0.001328s ]
INFO: [ app_begin ] --START--
INFO: Run Behavior\ReadHtmlCacheBehavior [ RunTime:0.001970s ]
INFO: [ app_begin ] --END-- [ RunTime:0.002062s ]
INFO: [ view_parse ] --START--
INFO: [ template_filter ] --START--
INFO: Run Behavior\ContentReplaceBehavior [ RunTime:0.000029s ]
INFO: [ template_filter ] --END-- [ RunTime:0.000088s ]
INFO: Run Behavior\ParseTemplateBehavior [ RunTime:0.015390s ]
INFO: [ view_parse ] --END-- [ RunTime:0.015487s ]
INFO: [ view_filter ] --START--
INFO: Run Behavior\WriteHtmlCacheBehavior [ RunTime:0.000954s ]
INFO: [ view_filter ] --END-- [ RunTime:0.001022s ]
INFO: [ app_end ] --START--
INFO: Run Behavior\ShowPageTraceBehavior [ RunTime:0.001226s ]
INFO: [ app_end ] --END-- [ RunTime:0.001345s ]

[ 2015-07-27T16:29:33+08:00 ] 192.168.1.8 /Login/sso
INFO: [ app_init ] --START--
INFO: Run Behavior\BuildLiteBehavior [ RunTime:0.000028s ]
INFO: [ app_init ] --END-- [ RunTime:0.002626s ]
INFO: [ app_begin ] --START--
INFO: Run Behavior\ReadHtmlCacheBehavior [ RunTime:0.002351s ]
INFO: [ app_begin ] --END-- [ RunTime:0.002547s ]
INFO: [ view_parse ] --START--
INFO: [ template_filter ] --START--
INFO: Run Behavior\ContentReplaceBehavior [ RunTime:0.000052s ]
INFO: [ template_filter ] --END-- [ RunTime:0.000152s ]
INFO: Run Behavior\ParseTemplateBehavior [ RunTime:0.023972s ]
INFO: [ view_parse ] --END-- [ RunTime:0.024079s ]
INFO: [ view_filter ] --START--
INFO: Run Behavior\WriteHtmlCacheBehavior [ RunTime:0.001789s ]
INFO: [ view_filter ] --END-- [ RunTime:0.001878s ]
INFO: [ app_end ] --START--
INFO: Run Behavior\ShowPageTraceBehavior [ RunTime:0.001968s ]
INFO: [ app_end ] --END-- [ RunTime:0.002082s ]

[ 2015-07-27T16:29:33+08:00 ] 192.168.1.8 /Login/sso
INFO: [ app_init ] --START--
INFO: Run Behavior\BuildLiteBehavior [ RunTime:0.000014s ]
INFO: [ app_init ] --END-- [ RunTime:0.000417s ]
INFO: [ app_begin ] --START--
INFO: Run Behavior\ReadHtmlCacheBehavior [ RunTime:0.001309s ]
INFO: [ app_begin ] --END-- [ RunTime:0.001390s ]
INFO: [ view_parse ] --START--
INFO: [ template_filter ] --START--
INFO: Run Behavior\ContentReplaceBehavior [ RunTime:0.000060s ]
INFO: [ template_filter ] --END-- [ RunTime:0.000256s ]
INFO: Run Behavior\ParseTemplateBehavior [ RunTime:0.012851s ]
INFO: [ view_parse ] --END-- [ RunTime:0.012928s ]
INFO: [ view_filter ] --START--
INFO: Run Behavior\WriteHtmlCacheBehavior [ RunTime:0.000225s ]
INFO: [ view_filter ] --END-- [ RunTime:0.000347s ]
INFO: [ app_end ] --START--
INFO: Run Behavior\ShowPageTraceBehavior [ RunTime:0.000783s ]
INFO: [ app_end ] --END-- [ RunTime:0.001006s ]

[ 2015-07-27T16:29:36+08:00 ] 192.168.1.8 /User/ssoLogin.html
INFO: [ app_init ] --START--
INFO: Run Behavior\BuildLiteBehavior [ RunTime:0.000015s ]
INFO: [ app_init ] --END-- [ RunTime:0.000609s ]
INFO: [ app_begin ] --START--
INFO: Run Behavior\ReadHtmlCacheBehavior [ RunTime:0.000764s ]
INFO: [ app_begin ] --END-- [ RunTime:0.000820s ]
ERR: 模板不存在:./Application/Home/View/Public/404.html

[ 2015-07-27T16:29:38+08:00 ] 192.168.1.8 /User/ssoLogin.html
INFO: [ app_init ] --START--
INFO: Run Behavior\BuildLiteBehavior [ RunTime:0.000014s ]
INFO: [ app_init ] --END-- [ RunTime:0.000649s ]
INFO: [ app_begin ] --START--
INFO: Run Behavior\ReadHtmlCacheBehavior [ RunTime:0.000955s ]
INFO: [ app_begin ] --END-- [ RunTime:0.001014s ]
ERR: 模板不存在:./Application/Home/View/Public/404.html

[ 2015-07-27T16:29:39+08:00 ] 192.168.1.8 /User/ssoLogin.html
INFO: [ app_init ] --START--
INFO: Run Behavior\BuildLiteBehavior [ RunTime:0.000013s ]
INFO: [ app_init ] --END-- [ RunTime:0.000695s ]
INFO: [ app_begin ] --START--
INFO: Run Behavior\ReadHtmlCacheBehavior [ RunTime:0.000640s ]
INFO: [ app_begin ] --END-- [ RunTime:0.000731s ]
ERR: 模板不存在:./Application/Home/View/Public/404.html

[ 2015-07-27T16:29:39+08:00 ] 192.168.1.8 /User/ssoLogin.html
INFO: [ app_init ] --START--
INFO: Run Behavior\BuildLiteBehavior [ RunTime:0.000015s ]
INFO: [ app_init ] --END-- [ RunTime:0.000800s ]
INFO: [ app_begin ] --START--
INFO: Run Behavior\ReadHtmlCacheBehavior [ RunTime:0.000612s ]
INFO: [ app_begin ] --END-- [ RunTime:0.000666s ]
ERR: 模板不存在:./Application/Home/View/Public/404.html

[ 2015-07-27T16:29:39+08:00 ] 192.168.1.8 /User/ssoLogin.html
INFO: [ app_init ] --START--
INFO: Run Behavior\BuildLiteBehavior [ RunTime:0.000023s ]
INFO: [ app_init ] --END-- [ RunTime:0.001060s ]
INFO: [ app_begin ] --START--
INFO: Run Behavior\ReadHtmlCacheBehavior [ RunTime:0.000859s ]
INFO: [ app_begin ] --END-- [ RunTime:0.000926s ]
ERR: 模板不存在:./Application/Home/View/Public/404.html

[ 2015-07-27T16:29:40+08:00 ] 192.168.1.8 /User/ssoLogin.html
INFO: [ app_init ] --START--
INFO: Run Behavior\BuildLiteBehavior [ RunTime:0.000017s ]
INFO: [ app_init ] --END-- [ RunTime:0.000576s ]
INFO: [ app_begin ] --START--
INFO: Run Behavior\ReadHtmlCacheBehavior [ RunTime:0.000516s ]
INFO: [ app_begin ] --END-- [ RunTime:0.000579s ]
ERR: 模板不存在:./Application/Home/View/Public/404.html

[ 2015-07-27T16:29:54+08:00 ] 192.168.1.8 /Login/sso
INFO: [ app_init ] --START--
INFO: Run Behavior\BuildLiteBehavior [ RunTime:0.000019s ]
INFO: [ app_init ] --END-- [ RunTime:0.001660s ]
INFO: [ app_begin ] --START--
INFO: Run Behavior\ReadHtmlCacheBehavior [ RunTime:0.001329s ]
INFO: [ app_begin ] --END-- [ RunTime:0.001416s ]
INFO: [ view_parse ] --START--
INFO: [ template_filter ] --START--
INFO: Run Behavior\ContentReplaceBehavior [ RunTime:0.000028s ]
INFO: [ template_filter ] --END-- [ RunTime:0.000080s ]
INFO: Run Behavior\ParseTemplateBehavior [ RunTime:0.011006s ]
INFO: [ view_parse ] --END-- [ RunTime:0.011143s ]
INFO: [ view_filter ] --START--
INFO: Run Behavior\WriteHtmlCacheBehavior [ RunTime:0.001041s ]
INFO: [ view_filter ] --END-- [ RunTime:0.001103s ]
INFO: [ app_end ] --START--
INFO: Run Behavior\ShowPageTraceBehavior [ RunTime:0.001341s ]
INFO: [ app_end ] --END-- [ RunTime:0.001418s ]

[ 2015-07-27T16:29:55+08:00 ] 192.168.1.8 /Login/sso
INFO: [ app_init ] --START--
INFO: Run Behavior\BuildLiteBehavior [ RunTime:0.000035s ]
INFO: [ app_init ] --END-- [ RunTime:0.000840s ]
INFO: [ app_begin ] --START--
INFO: Run Behavior\ReadHtmlCacheBehavior [ RunTime:0.000906s ]
INFO: [ app_begin ] --END-- [ RunTime:0.000976s ]
INFO: [ view_parse ] --START--
INFO: [ template_filter ] --START--
INFO: Run Behavior\ContentReplaceBehavior [ RunTime:0.000028s ]
INFO: [ template_filter ] --END-- [ RunTime:0.000081s ]
INFO: Run Behavior\ParseTemplateBehavior [ RunTime:0.008398s ]
INFO: [ view_parse ] --END-- [ RunTime:0.008483s ]
INFO: [ view_filter ] --START--
INFO: Run Behavior\WriteHtmlCacheBehavior [ RunTime:0.000426s ]
INFO: [ view_filter ] --END-- [ RunTime:0.000473s ]
INFO: [ app_end ] --START--
INFO: Run Behavior\ShowPageTraceBehavior [ RunTime:0.000504s ]
INFO: [ app_end ] --END-- [ RunTime:0.000546s ]

[ 2015-07-27T16:29:55+08:00 ] 192.168.1.8 /Login/sso
INFO: [ app_init ] --START--
INFO: Run Behavior\BuildLiteBehavior [ RunTime:0.000014s ]
INFO: [ app_init ] --END-- [ RunTime:0.000625s ]
INFO: [ app_begin ] --START--
INFO: Run Behavior\ReadHtmlCacheBehavior [ RunTime:0.000664s ]
INFO: [ app_begin ] --END-- [ RunTime:0.000714s ]
INFO: [ view_parse ] --START--
INFO: [ template_filter ] --START--
INFO: Run Behavior\ContentReplaceBehavior [ RunTime:0.000028s ]
INFO: [ template_filter ] --END-- [ RunTime:0.000079s ]
INFO: Run Behavior\ParseTemplateBehavior [ RunTime:0.010995s ]
INFO: [ view_parse ] --END-- [ RunTime:0.011107s ]
INFO: [ view_filter ] --START--
INFO: Run Behavior\WriteHtmlCacheBehavior [ RunTime:0.004058s ]
INFO: [ view_filter ] --END-- [ RunTime:0.004160s ]
INFO: [ app_end ] --START--
INFO: Run Behavior\ShowPageTraceBehavior [ RunTime:0.002118s ]
INFO: [ app_end ] --END-- [ RunTime:0.002186s ]

[ 2015-07-27T16:30:04+08:00 ] 192.168.1.8 /Login/sso
INFO: [ app_init ] --START--
INFO: Run Behavior\BuildLiteBehavior [ RunTime:0.000043s ]
INFO: [ app_init ] --END-- [ RunTime:0.001229s ]
INFO: [ app_begin ] --START--
INFO: Run Behavior\ReadHtmlCacheBehavior [ RunTime:0.001383s ]
INFO: [ app_begin ] --END-- [ RunTime:0.001471s ]
INFO: [ view_parse ] --START--
INFO: [ template_filter ] --START--
INFO: Run Behavior\ContentReplaceBehavior [ RunTime:0.000072s ]
INFO: [ template_filter ] --END-- [ RunTime:0.000209s ]
INFO: Run Behavior\ParseTemplateBehavior [ RunTime:0.030303s ]
INFO: [ view_parse ] --END-- [ RunTime:0.030410s ]
INFO: [ view_filter ] --START--
INFO: Run Behavior\WriteHtmlCacheBehavior [ RunTime:0.002113s ]
INFO: [ view_filter ] --END-- [ RunTime:0.002235s ]
INFO: [ app_end ] --START--
INFO: Run Behavior\ShowPageTraceBehavior [ RunTime:0.009587s ]
INFO: [ app_end ] --END-- [ RunTime:0.009700s ]

[ 2015-07-27T16:30:08+08:00 ] 192.168.1.8 /User/ssoLogin.html
INFO: [ app_init ] --START--
INFO: Run Behavior\BuildLiteBehavior [ RunTime:0.000015s ]
INFO: [ app_init ] --END-- [ RunTime:0.000843s ]
INFO: [ app_begin ] --START--
INFO: Run Behavior\ReadHtmlCacheBehavior [ RunTime:0.000748s ]
INFO: [ app_begin ] --END-- [ RunTime:0.000799s ]
ERR: 模板不存在:./Application/Home/View/Public/404.html

[ 2015-07-27T16:30:09+08:00 ] 192.168.1.8 /User/ssoLogin.html
INFO: [ app_init ] --START--
INFO: Run Behavior\BuildLiteBehavior [ RunTime:0.000026s ]
INFO: [ app_init ] --END-- [ RunTime:0.001979s ]
INFO: [ app_begin ] --START--
INFO: Run Behavior\ReadHtmlCacheBehavior [ RunTime:0.002434s ]
INFO: [ app_begin ] --END-- [ RunTime:0.002540s ]
ERR: 模板不存在:./Application/Home/View/Public/404.html

[ 2015-07-27T16:30:11+08:00 ] 192.168.1.8 /User/ssoLogin.html
INFO: [ app_init ] --START--
INFO: Run Behavior\BuildLiteBehavior [ RunTime:0.000014s ]
INFO: [ app_init ] --END-- [ RunTime:0.000686s ]
INFO: [ app_begin ] --START--
INFO: Run Behavior\ReadHtmlCacheBehavior [ RunTime:0.000724s ]
INFO: [ app_begin ] --END-- [ RunTime:0.000767s ]
ERR: 模板不存在:./Application/Home/View/Public/404.html

[ 2015-07-27T16:31:46+08:00 ] 192.168.1.8 /User/ssoLogin.html
INFO: [ app_init ] --START--
INFO: Run Behavior\BuildLiteBehavior [ RunTime:0.000013s ]
INFO: [ app_init ] --END-- [ RunTime:0.000670s ]
INFO: [ app_begin ] --START--
INFO: Run Behavior\ReadHtmlCacheBehavior [ RunTime:0.000712s ]
INFO: [ app_begin ] --END-- [ RunTime:0.000769s ]
ERR: 模板不存在:./Application/Home/View/Public/404.html

[ 2015-07-27T16:31:47+08:00 ] 192.168.1.8 /Login/sso
INFO: [ app_init ] --START--
INFO: Run Behavior\BuildLiteBehavior [ RunTime:0.000034s ]
INFO: [ app_init ] --END-- [ RunTime:0.002122s ]
INFO: [ app_begin ] --START--
INFO: Run Behavior\ReadHtmlCacheBehavior [ RunTime:0.001733s ]
INFO: [ app_begin ] --END-- [ RunTime:0.001966s ]
INFO: [ view_parse ] --START--
INFO: [ template_filter ] --START--
INFO: Run Behavior\ContentReplaceBehavior [ RunTime:0.000045s ]
INFO: [ template_filter ] --END-- [ RunTime:0.000137s ]
INFO: Run Behavior\ParseTemplateBehavior [ RunTime:0.015514s ]
INFO: [ view_parse ] --END-- [ RunTime:0.015609s ]
INFO: [ view_filter ] --START--
INFO: Run Behavior\WriteHtmlCacheBehavior [ RunTime:0.000927s ]
INFO: [ view_filter ] --END-- [ RunTime:0.000986s ]
INFO: [ app_end ] --START--
INFO: Run Behavior\ShowPageTraceBehavior [ RunTime:0.000763s ]
INFO: [ app_end ] --END-- [ RunTime:0.000777s ]

[ 2015-07-27T16:31:52+08:00 ] 192.168.1.8 /User/ssoLogin.html
INFO: [ app_init ] --START--
INFO: Run Behavior\BuildLiteBehavior [ RunTime:0.000017s ]
INFO: [ app_init ] --END-- [ RunTime:0.001114s ]
INFO: [ app_begin ] --START--
INFO: Run Behavior\ReadHtmlCacheBehavior [ RunTime:0.000668s ]
INFO: [ app_begin ] --END-- [ RunTime:0.000721s ]
ERR: 模板不存在:./Application/Home/View/Public/404.html

[ 2015-07-27T16:31:54+08:00 ] 192.168.1.8 /User/ssoLogin.html
INFO: [ app_init ] --START--
INFO: Run Behavior\BuildLiteBehavior [ RunTime:0.000025s ]
INFO: [ app_init ] --END-- [ RunTime:0.000855s ]
INFO: [ app_begin ] --START--
INFO: Run Behavior\ReadHtmlCacheBehavior [ RunTime:0.000885s ]
INFO: [ app_begin ] --END-- [ RunTime:0.000940s ]
ERR: 模板不存在:./Application/Home/View/Public/404.html

[ 2015-07-27T16:32:04+08:00 ] 192.168.1.8 /User/ssoLogin.html
INFO: [ app_init ] --START--
INFO: Run Behavior\BuildLiteBehavior [ RunTime:0.000014s ]
INFO: [ app_init ] --END-- [ RunTime:0.000594s ]
INFO: [ app_begin ] --START--
INFO: Run Behavior\ReadHtmlCacheBehavior [ RunTime:0.001947s ]
INFO: [ app_begin ] --END-- [ RunTime:0.002065s ]
NOTIC: [8] Undefined index: HTTP_REFERER /data/www/html/sso/Application/Common/Common/function.php 第 26 行.
NOTIC: [8] Undefined index: host /data/www/html/sso/Application/Common/Common/function.php 第 33 行.
ERR: 模板不存在:./Application/Home/View/Public/404.html

[ 2015-07-27T16:32:07+08:00 ] 192.168.1.8 /User/ssoLogin
INFO: [ app_init ] --START--
INFO: Run Behavior\BuildLiteBehavior [ RunTime:0.000013s ]
INFO: [ app_init ] --END-- [ RunTime:0.000603s ]
INFO: [ app_begin ] --START--
INFO: Run Behavior\ReadHtmlCacheBehavior [ RunTime:0.000925s ]
INFO: [ app_begin ] --END-- [ RunTime:0.001000s ]
NOTIC: [8] Undefined index: HTTP_REFERER /data/www/html/sso/Application/Common/Common/function.php 第 26 行.
NOTIC: [8] Undefined index: host /data/www/html/sso/Application/Common/Common/function.php 第 33 行.
ERR: 模板不存在:./Application/Home/View/Public/404.html

[ 2015-07-27T16:32:14+08:00 ] 192.168.1.8 /user/ssoLogin
INFO: [ app_init ] --START--
INFO: Run Behavior\BuildLiteBehavior [ RunTime:0.000020s ]
INFO: [ app_init ] --END-- [ RunTime:0.001015s ]
INFO: [ app_begin ] --START--
INFO: Run Behavior\ReadHtmlCacheBehavior [ RunTime:0.000881s ]
INFO: [ app_begin ] --END-- [ RunTime:0.000940s ]
NOTIC: [8] Undefined index: HTTP_REFERER /data/www/html/sso/Application/Common/Common/function.php 第 26 行.
NOTIC: [8] Undefined index: host /data/www/html/sso/Application/Common/Common/function.php 第 33 行.
ERR: 模板不存在:./Application/Home/View/Public/404.html

[ 2015-07-27T16:32:17+08:00 ] 192.168.1.8 /user/sso
INFO: [ app_init ] --START--
INFO: Run Behavior\BuildLiteBehavior [ RunTime:0.000013s ]
INFO: [ app_init ] --END-- [ RunTime:0.000668s ]
INFO: [ app_begin ] --START--
INFO: Run Behavior\ReadHtmlCacheBehavior [ RunTime:0.000834s ]
INFO: [ app_begin ] --END-- [ RunTime:0.000904s ]
NOTIC: [8] Undefined index: HTTP_REFERER /data/www/html/sso/Application/Common/Common/function.php 第 26 行.
NOTIC: [8] Undefined index: host /data/www/html/sso/Application/Common/Common/function.php 第 33 行.
ERR: 模板不存在:./Application/Home/View/Public/404.html

[ 2015-07-27T16:32:19+08:00 ] 192.168.1.8 /user/sso
INFO: [ app_init ] --START--
INFO: Run Behavior\BuildLiteBehavior [ RunTime:0.000022s ]
INFO: [ app_init ] --END-- [ RunTime:0.001580s ]
INFO: [ app_begin ] --START--
INFO: Run Behavior\ReadHtmlCacheBehavior [ RunTime:0.001028s ]
INFO: [ app_begin ] --END-- [ RunTime:0.001102s ]
NOTIC: [8] Undefined index: HTTP_REFERER /data/www/html/sso/Application/Common/Common/function.php 第 26 行.
NOTIC: [8] Undefined index: host /data/www/html/sso/Application/Common/Common/function.php 第 33 行.
ERR: 模板不存在:./Application/Home/View/Public/404.html

[ 2015-07-27T16:32:19+08:00 ] 192.168.1.8 /user/sso
INFO: [ app_init ] --START--
INFO: Run Behavior\BuildLiteBehavior [ RunTime:0.000022s ]
INFO: [ app_init ] --END-- [ RunTime:0.001046s ]
INFO: [ app_begin ] --START--
INFO: Run Behavior\ReadHtmlCacheBehavior [ RunTime:0.001409s ]
INFO: [ app_begin ] --END-- [ RunTime:0.001471s ]
NOTIC: [8] Undefined index: HTTP_REFERER /data/www/html/sso/Application/Common/Common/function.php 第 26 行.
NOTIC: [8] Undefined index: host /data/www/html/sso/Application/Common/Common/function.php 第 33 行.
ERR: 模板不存在:./Application/Home/View/Public/404.html

[ 2015-07-27T16:32:20+08:00 ] 192.168.1.8 /user/sso
INFO: [ app_init ] --START--
INFO: Run Behavior\BuildLiteBehavior [ RunTime:0.000024s ]
INFO: [ app_init ] --END-- [ RunTime:0.000917s ]
INFO: [ app_begin ] --START--
INFO: Run Behavior\ReadHtmlCacheBehavior [ RunTime:0.001107s ]
INFO: [ app_begin ] --END-- [ RunTime:0.001190s ]
NOTIC: [8] Undefined index: HTTP_REFERER /data/www/html/sso/Application/Common/Common/function.php 第 26 行.
NOTIC: [8] Undefined index: host /data/www/html/sso/Application/Common/Common/function.php 第 33 行.
ERR: 模板不存在:./Application/Home/View/Public/404.html

[ 2015-07-27T16:32:20+08:00 ] 192.168.1.8 /user/sso
INFO: [ app_init ] --START--
INFO: Run Behavior\BuildLiteBehavior [ RunTime:0.000013s ]
INFO: [ app_init ] --END-- [ RunTime:0.000695s ]
INFO: [ app_begin ] --START--
INFO: Run Behavior\ReadHtmlCacheBehavior [ RunTime:0.000544s ]
INFO: [ app_begin ] --END-- [ RunTime:0.000622s ]
NOTIC: [8] Undefined index: HTTP_REFERER /data/www/html/sso/Application/Common/Common/function.php 第 26 行.
NOTIC: [8] Undefined index: host /data/www/html/sso/Application/Common/Common/function.php 第 33 行.
ERR: 模板不存在:./Application/Home/View/Public/404.html

[ 2015-07-27T16:32:20+08:00 ] 192.168.1.8 /user/sso
INFO: [ app_init ] --START--
INFO: Run Behavior\BuildLiteBehavior [ RunTime:0.000020s ]
INFO: [ app_init ] --END-- [ RunTime:0.001044s ]
INFO: [ app_begin ] --START--
INFO: Run Behavior\ReadHtmlCacheBehavior [ RunTime:0.000833s ]
INFO: [ app_begin ] --END-- [ RunTime:0.000914s ]
NOTIC: [8] Undefined index: HTTP_REFERER /data/www/html/sso/Application/Common/Common/function.php 第 26 行.
NOTIC: [8] Undefined index: host /data/www/html/sso/Application/Common/Common/function.php 第 33 行.
ERR: 模板不存在:./Application/Home/View/Public/404.html

[ 2015-07-27T16:32:20+08:00 ] 192.168.1.8 /user/sso
INFO: [ app_init ] --START--
INFO: Run Behavior\BuildLiteBehavior [ RunTime:0.000023s ]
INFO: [ app_init ] --END-- [ RunTime:0.000977s ]
INFO: [ app_begin ] --START--
INFO: Run Behavior\ReadHtmlCacheBehavior [ RunTime:0.001038s ]
INFO: [ app_begin ] --END-- [ RunTime:0.001101s ]
NOTIC: [8] Undefined index: HTTP_REFERER /data/www/html/sso/Application/Common/Common/function.php 第 26 行.
NOTIC: [8] Undefined index: host /data/www/html/sso/Application/Common/Common/function.php 第 33 行.
ERR: 模板不存在:./Application/Home/View/Public/404.html

[ 2015-07-27T16:32:22+08:00 ] 192.168.1.8 /
INFO: [ app_init ] --START--
INFO: Run Behavior\BuildLiteBehavior [ RunTime:0.000013s ]
INFO: [ app_init ] --END-- [ RunTime:0.000733s ]
INFO: [ app_begin ] --START--
INFO: Run Behavior\ReadHtmlCacheBehavior [ RunTime:0.000705s ]
INFO: [ app_begin ] --END-- [ RunTime:0.000755s ]

[ 2015-07-27T16:32:22+08:00 ] 192.168.1.8 /Login/index.html
INFO: [ app_init ] --START--
INFO: Run Behavior\BuildLiteBehavior [ RunTime:0.000014s ]
INFO: [ app_init ] --END-- [ RunTime:0.000607s ]
INFO: [ app_begin ] --START--
INFO: Run Behavior\ReadHtmlCacheBehavior [ RunTime:0.000570s ]
INFO: [ app_begin ] --END-- [ RunTime:0.000617s ]
INFO: [ view_parse ] --START--
INFO: [ template_filter ] --START--
INFO: Run Behavior\ContentReplaceBehavior [ RunTime:0.000030s ]
INFO: [ template_filter ] --END-- [ RunTime:0.000082s ]
INFO: Run Behavior\ParseTemplateBehavior [ RunTime:0.007481s ]
INFO: [ view_parse ] --END-- [ RunTime:0.007535s ]
INFO: [ view_filter ] --START--
INFO: Run Behavior\WriteHtmlCacheBehavior [ RunTime:0.000630s ]
INFO: [ view_filter ] --END-- [ RunTime:0.000668s ]
INFO: [ app_end ] --START--
INFO: Run Behavior\ShowPageTraceBehavior [ RunTime:0.001002s ]
INFO: [ app_end ] --END-- [ RunTime:0.001053s ]

[ 2015-07-27T16:32:55+08:00 ] 192.168.1.8 /Login/index.html
INFO: [ app_init ] --START--
INFO: Run Behavior\BuildLiteBehavior [ RunTime:0.000017s ]
INFO: [ app_init ] --END-- [ RunTime:0.001331s ]
INFO: [ app_begin ] --START--
INFO: Run Behavior\ReadHtmlCacheBehavior [ RunTime:0.000978s ]
INFO: [ app_begin ] --END-- [ RunTime:0.001038s ]
INFO: [ view_parse ] --START--
INFO: [ template_filter ] --START--
INFO: Run Behavior\ContentReplaceBehavior [ RunTime:0.000031s ]
INFO: [ template_filter ] --END-- [ RunTime:0.000085s ]
INFO: Run Behavior\ParseTemplateBehavior [ RunTime:0.018524s ]
INFO: [ view_parse ] --END-- [ RunTime:0.018688s ]
INFO: [ view_filter ] --START--
INFO: Run Behavior\WriteHtmlCacheBehavior [ RunTime:0.001821s ]
INFO: [ view_filter ] --END-- [ RunTime:0.001949s ]
INFO: [ app_end ] --START--
INFO: Run Behavior\ShowPageTraceBehavior [ RunTime:0.001642s ]
INFO: [ app_end ] --END-- [ RunTime:0.001712s ]

[ 2015-07-27T16:33:00+08:00 ] 192.168.1.8 /Login/index.html
INFO: [ app_init ] --START--
INFO: Run Behavior\BuildLiteBehavior [ RunTime:0.000015s ]
INFO: [ app_init ] --END-- [ RunTime:0.000695s ]
INFO: [ app_begin ] --START--
INFO: Run Behavior\ReadHtmlCacheBehavior [ RunTime:0.000658s ]
INFO: [ app_begin ] --END-- [ RunTime:0.000706s ]
INFO: [ view_parse ] --START--
INFO: [ template_filter ] --START--
INFO: Run Behavior\ContentReplaceBehavior [ RunTime:0.000063s ]
INFO: [ template_filter ] --END-- [ RunTime:0.000193s ]
INFO: Run Behavior\ParseTemplateBehavior [ RunTime:0.018289s ]
INFO: [ view_parse ] --END-- [ RunTime:0.018350s ]
INFO: [ view_filter ] --START--
INFO: Run Behavior\WriteHtmlCacheBehavior [ RunTime:0.000645s ]
INFO: [ view_filter ] --END-- [ RunTime:0.000695s ]
INFO: [ app_end ] --START--
INFO: Run Behavior\ShowPageTraceBehavior [ RunTime:0.004032s ]
INFO: [ app_end ] --END-- [ RunTime:0.004120s ]

[ 2015-07-27T16:33:04+08:00 ] 192.168.1.8 /Login/sso
INFO: [ app_init ] --START--
INFO: Run Behavior\BuildLiteBehavior [ RunTime:0.000014s ]
INFO: [ app_init ] --END-- [ RunTime:0.000798s ]
INFO: [ app_begin ] --START--
INFO: Run Behavior\ReadHtmlCacheBehavior [ RunTime:0.001034s ]
INFO: [ app_begin ] --END-- [ RunTime:0.001118s ]
INFO: [ view_parse ] --START--
INFO: [ template_filter ] --START--
INFO: Run Behavior\ContentReplaceBehavior [ RunTime:0.000030s ]
INFO: [ template_filter ] --END-- [ RunTime:0.000086s ]
NOTIC: [8] Undefined variable: sso /data/www/html/sso/Application/Runtime/Cache/Home/7dff704803ece89a82cf7020d91a3a91.php 第 15 行.
INFO: Run Behavior\ParseTemplateBehavior [ RunTime:0.018210s ]
INFO: [ view_parse ] --END-- [ RunTime:0.018338s ]
INFO: [ view_filter ] --START--
INFO: Run Behavior\WriteHtmlCacheBehavior [ RunTime:0.001445s ]
INFO: [ view_filter ] --END-- [ RunTime:0.001512s ]
INFO: [ app_end ] --START--
INFO: Run Behavior\ShowPageTraceBehavior [ RunTime:0.000824s ]
INFO: [ app_end ] --END-- [ RunTime:0.000873s ]

[ 2015-07-27T16:33:05+08:00 ] 192.168.1.8 /Login/sso
INFO: [ app_init ] --START--
INFO: Run Behavior\BuildLiteBehavior [ RunTime:0.000022s ]
INFO: [ app_init ] --END-- [ RunTime:0.001398s ]
INFO: [ app_begin ] --START--
INFO: Run Behavior\ReadHtmlCacheBehavior [ RunTime:0.000935s ]
INFO: [ app_begin ] --END-- [ RunTime:0.001034s ]
INFO: [ view_parse ] --START--
INFO: [ template_filter ] --START--
INFO: Run Behavior\ContentReplaceBehavior [ RunTime:0.000452s ]
INFO: [ template_filter ] --END-- [ RunTime:0.001073s ]
NOTIC: [8] Undefined variable: sso /data/www/html/sso/Application/Runtime/Cache/Home/7dff704803ece89a82cf7020d91a3a91.php 第 15 行.
INFO: Run Behavior\ParseTemplateBehavior [ RunTime:0.023765s ]
INFO: [ view_parse ] --END-- [ RunTime:0.023881s ]
INFO: [ view_filter ] --START--
INFO: Run Behavior\WriteHtmlCacheBehavior [ RunTime:0.000851s ]
INFO: [ view_filter ] --END-- [ RunTime:0.000959s ]
INFO: [ app_end ] --START--
INFO: Run Behavior\ShowPageTraceBehavior [ RunTime:0.001862s ]
INFO: [ app_end ] --END-- [ RunTime:0.001956s ]

[ 2015-07-27T16:33:10+08:00 ] 192.168.1.8 /User/ssoLogin.html
INFO: [ app_init ] --START--
INFO: Run Behavior\BuildLiteBehavior [ RunTime:0.000013s ]
INFO: [ app_init ] --END-- [ RunTime:0.000594s ]
INFO: [ app_begin ] --START--
INFO: Run Behavior\ReadHtmlCacheBehavior [ RunTime:0.000745s ]
INFO: [ app_begin ] --END-- [ RunTime:0.000792s ]
ERR: 模板不存在:./Application/Home/View/Public/404.html

[ 2015-07-27T16:33:12+08:00 ] 192.168.1.8 /User/ssoLogin.html
INFO: [ app_init ] --START--
INFO: Run Behavior\BuildLiteBehavior [ RunTime:0.000014s ]
INFO: [ app_init ] --END-- [ RunTime:0.000688s ]
INFO: [ app_begin ] --START--
INFO: Run Behavior\ReadHtmlCacheBehavior [ RunTime:0.000735s ]
INFO: [ app_begin ] --END-- [ RunTime:0.000784s ]
ERR: 模板不存在:./Application/Home/View/Public/404.html

[ 2015-07-27T16:33:18+08:00 ] 192.168.1.8 /User/ssoLogin.html
INFO: [ app_init ] --START--
INFO: Run Behavior\BuildLiteBehavior [ RunTime:0.000016s ]
INFO: [ app_init ] --END-- [ RunTime:0.000896s ]
INFO: [ app_begin ] --START--
INFO: Run Behavior\ReadHtmlCacheBehavior [ RunTime:0.001280s ]
INFO: [ app_begin ] --END-- [ RunTime:0.001377s ]
NOTIC: [8] Undefined index: HTTP_REFERER /data/www/html/sso/Application/Common/Common/function.php 第 26 行.
NOTIC: [8] Undefined index: host /data/www/html/sso/Application/Common/Common/function.php 第 33 行.
ERR: 模板不存在:./Application/Home/View/Public/404.html

[ 2015-07-27T16:34:11+08:00 ] 192.168.1.8 /User/ssoLogin.html
INFO: [ app_init ] --START--
INFO: Run Behavior\BuildLiteBehavior [ RunTime:0.000026s ]
INFO: [ app_init ] --END-- [ RunTime:0.002295s ]
INFO: [ app_begin ] --START--
INFO: Run Behavior\ReadHtmlCacheBehavior [ RunTime:0.001528s ]
INFO: [ app_begin ] --END-- [ RunTime:0.001677s ]
NOTIC: [8] Undefined index: HTTP_REFERER /data/www/html/sso/Application/Common/Common/function.php 第 26 行.
NOTIC: [8] Undefined index: host /data/www/html/sso/Application/Common/Common/function.php 第 33 行.
ERR: 模板不存在:./Application/Home/View/Public/404.html

[ 2015-07-27T16:34:35+08:00 ] 192.168.1.8 /Login/sso
INFO: [ app_init ] --START--
INFO: Run Behavior\BuildLiteBehavior [ RunTime:0.000024s ]
INFO: [ app_init ] --END-- [ RunTime:0.002791s ]
INFO: [ app_begin ] --START--
INFO: Run Behavior\ReadHtmlCacheBehavior [ RunTime:0.003915s ]
INFO: [ app_begin ] --END-- [ RunTime:0.004030s ]
INFO: [ view_parse ] --START--
INFO: [ template_filter ] --START--
INFO: Run Behavior\ContentReplaceBehavior [ RunTime:0.000063s ]
INFO: [ template_filter ] --END-- [ RunTime:0.000259s ]
INFO: Run Behavior\ParseTemplateBehavior [ RunTime:0.025854s ]
INFO: [ view_parse ] --END-- [ RunTime:0.025976s ]
INFO: [ view_filter ] --START--
INFO: Run Behavior\WriteHtmlCacheBehavior [ RunTime:0.001712s ]
INFO: [ view_filter ] --END-- [ RunTime:0.001825s ]
INFO: [ app_end ] --START--
INFO: Run Behavior\ShowPageTraceBehavior [ RunTime:0.006079s ]
INFO: [ app_end ] --END-- [ RunTime:0.006232s ]

[ 2015-07-27T16:34:37+08:00 ] 192.168.1.8 /Login/ssoLogin.html
INFO: [ app_init ] --START--
INFO: Run Behavior\BuildLiteBehavior [ RunTime:0.000014s ]
INFO: [ app_init ] --END-- [ RunTime:0.000660s ]
INFO: [ app_begin ] --START--
INFO: Run Behavior\ReadHtmlCacheBehavior [ RunTime:0.000699s ]
INFO: [ app_begin ] --END-- [ RunTime:0.000747s ]
SQL: SHOW COLUMNS FROM `sso_user` [ RunTime:0.0008s ]
SQL: SELECT * FROM `sso_user` WHERE `username` = '' AND `passwd` = 'dsfsd' AND `status` = 1 LIMIT 1   [ RunTime:0.0002s ]

[ 2015-07-27T16:34:38+08:00 ] 192.168.1.8 /Login/ssoLogin.html
INFO: [ app_init ] --START--
INFO: Run Behavior\BuildLiteBehavior [ RunTime:0.000017s ]
INFO: [ app_init ] --END-- [ RunTime:0.000675s ]
INFO: [ app_begin ] --START--
INFO: Run Behavior\ReadHtmlCacheBehavior [ RunTime:0.000784s ]
INFO: [ app_begin ] --END-- [ RunTime:0.000850s ]
SQL: SHOW COLUMNS FROM `sso_user` [ RunTime:0.0014s ]
SQL: SELECT * FROM `sso_user` WHERE `username` = '' AND `passwd` = 'dsfsd' AND `status` = 1 LIMIT 1   [ RunTime:0.0002s ]

[ 2015-07-27T16:34:47+08:00 ] 192.168.1.8 /Login/ssoLogin.html
INFO: [ app_init ] --START--
INFO: Run Behavior\BuildLiteBehavior [ RunTime:0.000013s ]
INFO: [ app_init ] --END-- [ RunTime:0.000648s ]
INFO: [ app_begin ] --START--
INFO: Run Behavior\ReadHtmlCacheBehavior [ RunTime:0.000828s ]
INFO: [ app_begin ] --END-- [ RunTime:0.000892s ]
SQL: SHOW COLUMNS FROM `sso_user` [ RunTime:0.0009s ]
SQL: SELECT * FROM `sso_user` WHERE `username` = '' AND `passwd` = 'stk114' AND `status` = 1 LIMIT 1   [ RunTime:0.0001s ]

[ 2015-07-27T16:35:03+08:00 ] 192.168.1.8 /Login/ssoLogin.html
INFO: [ app_init ] --START--
INFO: Run Behavior\BuildLiteBehavior [ RunTime:0.000016s ]
INFO: [ app_init ] --END-- [ RunTime:0.000959s ]
INFO: [ app_begin ] --START--
INFO: Run Behavior\ReadHtmlCacheBehavior [ RunTime:0.000657s ]
INFO: [ app_begin ] --END-- [ RunTime:0.000681s ]
SQL: SHOW COLUMNS FROM `sso_user` [ RunTime:0.0007s ]
SQL: SELECT * FROM `sso_user` WHERE `username` = '' AND `passwd` = 'stk114' AND `status` = 1 LIMIT 1   [ RunTime:0.0002s ]

[ 2015-07-27T16:35:08+08:00 ] 192.168.1.8 /Login/ssoLogin.html
INFO: [ app_init ] --START--
INFO: Run Behavior\BuildLiteBehavior [ RunTime:0.000013s ]
INFO: [ app_init ] --END-- [ RunTime:0.000631s ]
INFO: [ app_begin ] --START--
INFO: Run Behavior\ReadHtmlCacheBehavior [ RunTime:0.000586s ]
INFO: [ app_begin ] --END-- [ RunTime:0.000633s ]
SQL: SHOW COLUMNS FROM `sso_user` [ RunTime:0.0010s ]
SQL: SELECT * FROM `sso_user` WHERE `username` = '' AND `passwd` = 'stk114' AND `status` = 1 LIMIT 1   [ RunTime:0.0002s ]

[ 2015-07-27T16:36:00+08:00 ] 192.168.1.8 /Login/ssoLogin.html
INFO: [ app_init ] --START--
INFO: Run Behavior\BuildLiteBehavior [ RunTime:0.000015s ]
INFO: [ app_init ] --END-- [ RunTime:0.001148s ]
INFO: [ app_begin ] --START--
INFO: Run Behavior\ReadHtmlCacheBehavior [ RunTime:0.000932s ]
INFO: [ app_begin ] --END-- [ RunTime:0.000994s ]

[ 2015-07-27T16:36:16+08:00 ] 192.168.1.8 /Login/ssoLogin.html
INFO: [ app_init ] --START--
INFO: Run Behavior\BuildLiteBehavior [ RunTime:0.000025s ]
INFO: [ app_init ] --END-- [ RunTime:0.000614s ]
INFO: [ app_begin ] --START--
INFO: Run Behavior\ReadHtmlCacheBehavior [ RunTime:0.000700s ]
INFO: [ app_begin ] --END-- [ RunTime:0.000748s ]

[ 2015-07-27T16:36:49+08:00 ] 192.168.1.8 /Login/ssoLogin.html
INFO: [ app_init ] --START--
INFO: Run Behavior\BuildLiteBehavior [ RunTime:0.000013s ]
INFO: [ app_init ] --END-- [ RunTime:0.000784s ]
INFO: [ app_begin ] --START--
INFO: Run Behavior\ReadHtmlCacheBehavior [ RunTime:0.000645s ]
INFO: [ app_begin ] --END-- [ RunTime:0.000695s ]
SQL: SHOW COLUMNS FROM `sso_user` [ RunTime:0.0009s ]
SQL: SELECT * FROM `sso_user` WHERE `username` = '' AND `passwd` = 'stk114' AND `status` = 1 LIMIT 1   [ RunTime:0.0002s ]

[ 2015-07-27T16:37:22+08:00 ] 192.168.1.8 /Login/ssoLogin.html
INFO: [ app_init ] --START--
INFO: Run Behavior\BuildLiteBehavior [ RunTime:0.000014s ]
INFO: [ app_init ] --END-- [ RunTime:0.000771s ]
INFO: [ app_begin ] --START--
INFO: Run Behavior\ReadHtmlCacheBehavior [ RunTime:0.000718s ]
INFO: [ app_begin ] --END-- [ RunTime:0.000787s ]
SQL: SHOW COLUMNS FROM `sso_user` [ RunTime:0.0016s ]
SQL: SELECT * FROM `sso_user` WHERE `username` = '' AND `passwd` = 'stk114' AND `status` = 1 LIMIT 1   [ RunTime:0.0002s ]

[ 2015-07-27T16:37:46+08:00 ] 192.168.1.8 /Login/ssoLogin.html
INFO: [ app_init ] --START--
INFO: Run Behavior\BuildLiteBehavior [ RunTime:0.000012s ]
INFO: [ app_init ] --END-- [ RunTime:0.000686s ]
INFO: [ app_begin ] --START--
INFO: Run Behavior\ReadHtmlCacheBehavior [ RunTime:0.000784s ]
INFO: [ app_begin ] --END-- [ RunTime:0.000865s ]
SQL: SHOW COLUMNS FROM `sso_user` [ RunTime:0.0008s ]
SQL: SELECT * FROM `sso_user` WHERE `username` = '' AND `passwd` = '48b383f8f34ac2a733558505d730e262' AND `status` = 1 LIMIT 1   [ RunTime:0.0002s ]

[ 2015-07-27T16:37:50+08:00 ] 192.168.1.8 /Login/ssoLogin.html
INFO: [ app_init ] --START--
INFO: Run Behavior\BuildLiteBehavior [ RunTime:0.000020s ]
INFO: [ app_init ] --END-- [ RunTime:0.000759s ]
INFO: [ app_begin ] --START--
INFO: Run Behavior\ReadHtmlCacheBehavior [ RunTime:0.000837s ]
INFO: [ app_begin ] --END-- [ RunTime:0.000931s ]
SQL: SHOW COLUMNS FROM `sso_user` [ RunTime:0.0018s ]
SQL: SELECT * FROM `sso_user` WHERE `username` = '' AND `passwd` = '48b383f8f34ac2a733558505d730e262' AND `status` = 1 LIMIT 1   [ RunTime:0.0002s ]

[ 2015-07-27T16:38:03+08:00 ] 192.168.1.8 /Login/ssoLogin.html
INFO: [ app_init ] --START--
INFO: Run Behavior\BuildLiteBehavior [ RunTime:0.000013s ]
INFO: [ app_init ] --END-- [ RunTime:0.000651s ]
INFO: [ app_begin ] --START--
INFO: Run Behavior\ReadHtmlCacheBehavior [ RunTime:0.000669s ]
INFO: [ app_begin ] --END-- [ RunTime:0.000715s ]
SQL: SHOW COLUMNS FROM `sso_user` [ RunTime:0.0011s ]
SQL: SELECT * FROM `sso_user` WHERE `username` = '' AND `passwd` = '48b383f8f34ac2a733558505d730e262' AND `status` = 1 LIMIT 1   [ RunTime:0.0002s ]

[ 2015-07-27T16:38:19+08:00 ] 192.168.1.8 /Login/ssoLogin.html
INFO: [ app_init ] --START--
INFO: Run Behavior\BuildLiteBehavior [ RunTime:0.000019s ]
INFO: [ app_init ] --END-- [ RunTime:0.001100s ]
INFO: [ app_begin ] --START--
INFO: Run Behavior\ReadHtmlCacheBehavior [ RunTime:0.000802s ]
INFO: [ app_begin ] --END-- [ RunTime:0.000866s ]
SQL: SHOW COLUMNS FROM `sso_user` [ RunTime:0.0014s ]
SQL: SELECT * FROM `sso_user` WHERE `username` = '' AND `passwd` = '48b383f8f34ac2a733558505d730e262' AND `status` = 1 LIMIT 1   [ RunTime:0.0002s ]

[ 2015-07-27T16:38:30+08:00 ] 192.168.1.8 /Login/ssoLogin.html
INFO: [ app_init ] --START--
INFO: Run Behavior\BuildLiteBehavior [ RunTime:0.000016s ]
INFO: [ app_init ] --END-- [ RunTime:0.000767s ]
INFO: [ app_begin ] --START--
INFO: Run Behavior\ReadHtmlCacheBehavior [ RunTime:0.001056s ]
INFO: [ app_begin ] --END-- [ RunTime:0.001132s ]
SQL: SHOW COLUMNS FROM `sso_user` [ RunTime:0.0015s ]
SQL: SELECT * FROM `sso_user` WHERE `username` = '' AND `passwd` = '48b383f8f34ac2a733558505d730e262' AND `status` = 1 LIMIT 1   [ RunTime:0.0002s ]

[ 2015-07-27T16:39:11+08:00 ] 192.168.1.8 /Login/ssoLogin.html
INFO: [ app_init ] --START--
INFO: Run Behavior\BuildLiteBehavior [ RunTime:0.000024s ]
INFO: [ app_init ] --END-- [ RunTime:0.001080s ]
INFO: [ app_begin ] --START--
INFO: Run Behavior\ReadHtmlCacheBehavior [ RunTime:0.001067s ]
INFO: [ app_begin ] --END-- [ RunTime:0.001137s ]
SQL: SHOW COLUMNS FROM `sso_user` [ RunTime:0.0018s ]
SQL: SELECT * FROM `sso_user` WHERE `username` = '' AND `passwd` = '48b383f8f34ac2a733558505d730e262' AND `status` = 1 LIMIT 1   [ RunTime:0.0003s ]

[ 2015-07-27T16:39:57+08:00 ] 192.168.1.8 /Login/ssoLogin.html
INFO: [ app_init ] --START--
INFO: Run Behavior\BuildLiteBehavior [ RunTime:0.000025s ]
INFO: [ app_init ] --END-- [ RunTime:0.001264s ]
INFO: [ app_begin ] --START--
INFO: Run Behavior\ReadHtmlCacheBehavior [ RunTime:0.001378s ]
INFO: [ app_begin ] --END-- [ RunTime:0.001500s ]
SQL: SHOW COLUMNS FROM `sso_user` [ RunTime:0.0021s ]
SQL: SELECT * FROM `sso_user` WHERE `username` = 'jerryzhang' AND `passwd` = '48b383f8f34ac2a733558505d730e262' AND `status` = 1 LIMIT 1   [ RunTime:0.0004s ]

[ 2015-07-27T16:40:05+08:00 ] 192.168.1.8 /Login/ssoLogin.html
INFO: [ app_init ] --START--
INFO: Run Behavior\BuildLiteBehavior [ RunTime:0.000020s ]
INFO: [ app_init ] --END-- [ RunTime:0.000749s ]
INFO: [ app_begin ] --START--
INFO: Run Behavior\ReadHtmlCacheBehavior [ RunTime:0.001124s ]
INFO: [ app_begin ] --END-- [ RunTime:0.001210s ]
SQL: SHOW COLUMNS FROM `sso_user` [ RunTime:0.0011s ]
SQL: SELECT * FROM `sso_user` WHERE `username` = 'jerryzhang' AND `passwd` = '48b383f8f34ac2a733558505d730e262' AND `status` = 1 LIMIT 1   [ RunTime:0.0002s ]
SQL: SHOW COLUMNS FROM `sso_web_site` [ RunTime:0.0009s ]
SQL: SELECT * FROM `sso_web_site` WHERE `appid` = 0 AND `appkey` = '' LIMIT 1   [ RunTime:0.0003s ]

